<?xml version="1.0" encoding="UTF-8"?>
<testng-results skipped="0" failed="0" ignored="0" total="1" passed="1">
  <reporter-output>
  </reporter-output>
  <suite name="Default suite" duration-ms="8773" started-at="2021-08-30T21:43:30 CDT" finished-at="2021-08-30T21:43:39 CDT">
    <groups>
    </groups>
    <test name="Default test" duration-ms="8773" started-at="2021-08-30T21:43:30 CDT" finished-at="2021-08-30T21:43:39 CDT">
      <class name="test.AddFormTest">
        <test-method status="PASS" signature="UserShouldBeAbleToAddForm()[pri:0, instance:test.AddFormTest@15d0c81b]" name="UserShouldBeAbleToAddForm" duration-ms="8708" started-at="2021-08-30T21:43:30 CDT" finished-at="2021-08-30T21:43:39 CDT">
          <reporter-output>
          </reporter-output>
        </test-method> <!-- UserShouldBeAbleToAddForm -->
      </class> <!-- test.AddFormTest -->
    </test> <!-- Default test -->
  </suite> <!-- Default suite -->
</testng-results>
