<?xml version="1.0" encoding="UTF-8"?>
<!-- Generated by org.testng.reporters.JUnitXMLReporter -->
<testsuite hostname="DESKTOP-SBBN76U" ignored="0" name="Command line test" tests="1" failures="1" timestamp="30 Aug 2021 03:36:00 GMT" time="0.136" errors="0">
  <testcase name="ValidUserShouldBeAbleToAddForm" time="0.08" classname="test.AddFormTest">
    <failure type="java.lang.NullPointerException">
      <![CDATA[java.lang.NullPointerException
at org.openqa.selenium.support.pagefactory.DefaultElementLocator.findElement(DefaultElementLocator.java:69)
at org.openqa.selenium.support.pagefactory.internal.LocatingElementHandler.invoke(LocatingElementHandler.java:38)
at com.sun.proxy.$Proxy5.sendKeys(Unknown Source)
at page.AddFormPage.enterAddElement(AddFormPage.java:24)
at test.AddFormTest.ValidUserShouldBeAbleToAddForm(AddFormTest.java:19)
... Removed 34 stack frames]]>
    </failure>
  </testcase> <!-- ValidUserShouldBeAbleToAddForm -->
</testsuite> <!-- Command line test -->
